3 --> 3
5 --> 8
6 --> 14
9 --> 23
10 --> 33
12 --> 45
15 --> 60
18 --> 78
20 --> 98
21 --> 119
24 --> 143
25 --> 168
27 --> 195
30 --> 225
33 --> 258
35 --> 293
36 --> 329
39 --> 368
40 --> 408
42 --> 450
45 --> 495
48 --> 543
50 --> 593
51 --> 644
54 --> 698
55 --> 753
57 --> 810
60 --> 870
63 --> 933
65 --> 998
66 --> 1064
69 --> 1133
70 --> 1203
72 --> 1275
75 --> 1350
78 --> 1428
80 --> 1508
81 --> 1589
84 --> 1673
85 --> 1758
87 --> 1845
90 --> 1935
93 --> 2028
95 --> 2123
96 --> 2219
99 --> 2318
100 --> 2418
102 --> 2520
105 --> 2625
108 --> 2733
110 --> 2843
111 --> 2954
114 --> 3068
115 --> 3183
117 --> 3300
120 --> 3420
123 --> 3543
125 --> 3668
126 --> 3794
129 --> 3923
130 --> 4053
132 --> 4185
135 --> 4320
138 --> 4458
140 --> 4598
141 --> 4739
144 --> 4883
145 --> 5028
147 --> 5175
150 --> 5325
153 --> 5478
155 --> 5633
156 --> 5789
159 --> 5948
160 --> 6108
162 --> 6270
165 --> 6435
168 --> 6603
170 --> 6773
171 --> 6944
174 --> 7118
175 --> 7293
177 --> 7470
180 --> 7650
183 --> 7833
185 --> 8018
186 --> 8204
189 --> 8393
190 --> 8583
192 --> 8775
195 --> 8970
198 --> 9168
200 --> 9368
201 --> 9569
204 --> 9773
205 --> 9978
207 --> 10185
210 --> 10395
213 --> 10608
215 --> 10823
216 --> 11039
219 --> 11258
220 --> 11478
222 --> 11700
225 --> 11925
228 --> 12153
230 --> 12383
231 --> 12614
234 --> 12848
235 --> 13083
237 --> 13320
240 --> 13560
243 --> 13803
245 --> 14048
246 --> 14294
249 --> 14543
250 --> 14793
252 --> 15045
255 --> 15300
258 --> 15558
260 --> 15818
261 --> 16079
264 --> 16343
265 --> 16608
267 --> 16875
270 --> 17145
273 --> 17418
275 --> 17693
276 --> 17969
279 --> 18248
280 --> 18528
282 --> 18810
285 --> 19095
288 --> 19383
290 --> 19673
291 --> 19964
294 --> 20258
295 --> 20553
297 --> 20850
300 --> 21150
303 --> 21453
305 --> 21758
306 --> 22064
309 --> 22373
310 --> 22683
312 --> 22995
315 --> 23310
318 --> 23628
320 --> 23948
321 --> 24269
324 --> 24593
325 --> 24918
327 --> 25245
330 --> 25575
333 --> 25908
335 --> 26243
336 --> 26579
339 --> 26918
340 --> 27258
342 --> 27600
345 --> 27945
348 --> 28293
350 --> 28643
351 --> 28994
354 --> 29348
355 --> 29703
357 --> 30060
360 --> 30420
363 --> 30783
365 --> 31148
366 --> 31514
369 --> 31883
370 --> 32253
372 --> 32625
375 --> 33000
378 --> 33378
380 --> 33758
381 --> 34139
384 --> 34523
385 --> 34908
387 --> 35295
390 --> 35685
393 --> 36078
395 --> 36473
396 --> 36869
399 --> 37268
400 --> 37668
402 --> 38070
405 --> 38475
408 --> 38883
410 --> 39293
411 --> 39704
414 --> 40118
415 --> 40533
417 --> 40950
420 --> 41370
423 --> 41793
425 --> 42218
426 --> 42644
429 --> 43073
430 --> 43503
432 --> 43935
435 --> 44370
438 --> 44808
440 --> 45248
441 --> 45689
444 --> 46133
445 --> 46578
447 --> 47025
450 --> 47475
453 --> 47928
455 --> 48383
456 --> 48839
459 --> 49298
460 --> 49758
462 --> 50220
465 --> 50685
468 --> 51153
470 --> 51623
471 --> 52094
474 --> 52568
475 --> 53043
477 --> 53520
480 --> 54000
483 --> 54483
485 --> 54968
486 --> 55454
489 --> 55943
490 --> 56433
492 --> 56925
495 --> 57420
498 --> 57918
500 --> 58418
501 --> 58919
504 --> 59423
505 --> 59928
507 --> 60435
510 --> 60945
513 --> 61458
515 --> 61973
516 --> 62489
519 --> 63008
520 --> 63528
522 --> 64050
525 --> 64575
528 --> 65103
530 --> 65633
531 --> 66164
534 --> 66698
535 --> 67233
537 --> 67770
540 --> 68310
543 --> 68853
545 --> 69398
546 --> 69944
549 --> 70493
550 --> 71043
552 --> 71595
555 --> 72150
558 --> 72708
560 --> 73268
561 --> 73829
564 --> 74393
565 --> 74958
567 --> 75525
570 --> 76095
573 --> 76668
575 --> 77243
576 --> 77819
579 --> 78398
580 --> 78978
582 --> 79560
585 --> 80145
588 --> 80733
590 --> 81323
591 --> 81914
594 --> 82508
595 --> 83103
597 --> 83700
600 --> 84300
603 --> 84903
605 --> 85508
606 --> 86114
609 --> 86723
610 --> 87333
612 --> 87945
615 --> 88560
618 --> 89178
620 --> 89798
621 --> 90419
624 --> 91043
625 --> 91668
627 --> 92295
630 --> 92925
633 --> 93558
635 --> 94193
636 --> 94829
639 --> 95468
640 --> 96108
642 --> 96750
645 --> 97395
648 --> 98043
650 --> 98693
651 --> 99344
654 --> 99998
655 --> 100653
657 --> 101310
660 --> 101970
663 --> 102633
665 --> 103298
666 --> 103964
669 --> 104633
670 --> 105303
672 --> 105975
675 --> 106650
678 --> 107328
680 --> 108008
681 --> 108689
684 --> 109373
685 --> 110058
687 --> 110745
690 --> 111435
693 --> 112128
695 --> 112823
696 --> 113519
699 --> 114218
700 --> 114918
702 --> 115620
705 --> 116325
708 --> 117033
710 --> 117743
711 --> 118454
714 --> 119168
715 --> 119883
717 --> 120600
720 --> 121320
723 --> 122043
725 --> 122768
726 --> 123494
729 --> 124223
730 --> 124953
732 --> 125685
735 --> 126420
738 --> 127158
740 --> 127898
741 --> 128639
744 --> 129383
745 --> 130128
747 --> 130875
750 --> 131625
753 --> 132378
755 --> 133133
756 --> 133889
759 --> 134648
760 --> 135408
762 --> 136170
765 --> 136935
768 --> 137703
770 --> 138473
771 --> 139244
774 --> 140018
775 --> 140793
777 --> 141570
780 --> 142350
783 --> 143133
785 --> 143918
786 --> 144704
789 --> 145493
790 --> 146283
792 --> 147075
795 --> 147870
798 --> 148668
800 --> 149468
801 --> 150269
804 --> 151073
805 --> 151878
807 --> 152685
810 --> 153495
813 --> 154308
815 --> 155123
816 --> 155939
819 --> 156758
820 --> 157578
822 --> 158400
825 --> 159225
828 --> 160053
830 --> 160883
831 --> 161714
834 --> 162548
835 --> 163383
837 --> 164220
840 --> 165060
843 --> 165903
845 --> 166748
846 --> 167594
849 --> 168443
850 --> 169293
852 --> 170145
855 --> 171000
858 --> 171858
860 --> 172718
861 --> 173579
864 --> 174443
865 --> 175308
867 --> 176175
870 --> 177045
873 --> 177918
875 --> 178793
876 --> 179669
879 --> 180548
880 --> 181428
882 --> 182310
885 --> 183195
888 --> 184083
890 --> 184973
891 --> 185864
894 --> 186758
895 --> 187653
897 --> 188550
900 --> 189450
903 --> 190353
905 --> 191258
906 --> 192164
909 --> 193073
910 --> 193983
912 --> 194895
915 --> 195810
918 --> 196728
920 --> 197648
921 --> 198569
924 --> 199493
925 --> 200418
927 --> 201345
930 --> 202275
933 --> 203208
935 --> 204143
936 --> 205079
939 --> 206018
940 --> 206958
942 --> 207900
945 --> 208845
948 --> 209793
950 --> 210743
951 --> 211694
954 --> 212648
955 --> 213603
957 --> 214560
960 --> 215520
963 --> 216483
965 --> 217448
966 --> 218414
969 --> 219383
970 --> 220353
972 --> 221325
975 --> 222300
978 --> 223278
980 --> 224258
981 --> 225239
984 --> 226223
985 --> 227208
987 --> 228195
990 --> 229185
993 --> 230178
995 --> 231173
996 --> 232169
999 --> 233168
The total amount of those numbers is 233168.
